<?xml version="1.0" encoding="UTF-8"?>
<testng-results ignored="0" total="1" passed="1" failed="0" skipped="0">
  <reporter-output>
  </reporter-output>
  <suite started-at="2023-03-26T22:01:59 IST" name="Surefire suite" finished-at="2023-03-26T22:04:48 IST" duration-ms="169549">
    <groups>
      <group name="cucumber">
        <method signature="AbstractTestNGCucumberTests.runScenario(io.cucumber.testng.PickleEventWrapper, io.cucumber.testng.CucumberFeatureWrapper)[pri:0, instance:com.eco.uitests.RunnerTest@3bd82cf5]" name="runScenario" class="io.cucumber.testng.AbstractTestNGCucumberTests"/>
      </group> <!-- cucumber -->
    </groups>
    <test started-at="2023-03-26T22:01:59 IST" name="Surefire test" finished-at="2023-03-26T22:04:48 IST" duration-ms="169549">
      <class name="com.eco.uitests.RunnerTest">
        <test-method is-config="true" signature="SetUp()[pri:0, instance:com.eco.uitests.RunnerTest@3bd82cf5]" started-at="2023-03-26T22:01:59 IST" name="SetUp" finished-at="2023-03-26T22:01:59 IST" duration-ms="10" status="PASS">
          <reporter-output>
          </reporter-output>
        </test-method> <!-- SetUp -->
        <test-method is-config="true" signature="setUpClass()[pri:0, instance:com.eco.uitests.RunnerTest@3bd82cf5]" started-at="2023-03-26T22:01:59 IST" name="setUpClass" finished-at="2023-03-26T22:01:59 IST" duration-ms="211" status="PASS">
          <reporter-output>
          </reporter-output>
        </test-method> <!-- setUpClass -->
        <test-method signature="runScenario(io.cucumber.testng.PickleEventWrapper, io.cucumber.testng.CucumberFeatureWrapper)[pri:0, instance:com.eco.uitests.RunnerTest@3bd82cf5]" started-at="2023-03-26T22:01:59 IST" name="runScenario" description="Runs Cucumber Scenarios" data-provider="scenarios" finished-at="2023-03-26T22:04:48 IST" duration-ms="169070" status="PASS">
          <params>
            <param index="0">
              <value>
                <![CDATA["Asserting the payout details"]]>
              </value>
            </param>
            <param index="1">
              <value>
                <![CDATA["Financial Page automation"]]>
              </value>
            </param>
          </params>
          <reporter-output>
          </reporter-output>
        </test-method> <!-- runScenario -->
        <test-method is-config="true" signature="tearDownClass()[pri:0, instance:com.eco.uitests.RunnerTest@3bd82cf5]" started-at="2023-03-26T22:04:48 IST" name="tearDownClass" finished-at="2023-03-26T22:04:48 IST" duration-ms="105" status="PASS">
          <reporter-output>
          </reporter-output>
        </test-method> <!-- tearDownClass -->
      </class> <!-- com.eco.uitests.RunnerTest -->
    </test> <!-- Surefire test -->
  </suite> <!-- Surefire suite -->
</testng-results>
